<?xml version="1.0" encoding="UTF-8"?>
<testsuite name="me.clevekim.study.springboot.bootstrap.LiveTest" tests="8" skipped="0" failures="0" errors="0" timestamp="2019-04-08T09:03:19" hostname="younghwankim-iMac.local" time="1.764">
  <properties/>
  <testcase name="whenGetNotExistBookById_thenNotFound" classname="me.clevekim.study.springboot.bootstrap.LiveTest" time="0.889"/>
  <testcase name="whenInvalidBook_thenError" classname="me.clevekim.study.springboot.bootstrap.LiveTest" time="0.194"/>
  <testcase name="whenUpdateCreatedBook_thenUpdated" classname="me.clevekim.study.springboot.bootstrap.LiveTest" time="0.347"/>
  <testcase name="whenDeleteCreatedBook_thenOk" classname="me.clevekim.study.springboot.bootstrap.LiveTest" time="0.058"/>
  <testcase name="whenGetCreatedBookById_thenOK" classname="me.clevekim.study.springboot.bootstrap.LiveTest" time="0.039"/>
  <testcase name="whenGetBooksByTitle_thenOK" classname="me.clevekim.study.springboot.bootstrap.LiveTest" time="0.208"/>
  <testcase name="whenGetAllBooks_thenOK" classname="me.clevekim.study.springboot.bootstrap.LiveTest" time="0.013"/>
  <testcase name="whenCreateNewBook_thenCreated" classname="me.clevekim.study.springboot.bootstrap.LiveTest" time="0.013"/>
  <system-out><![CDATA[18:03:14.032 [Test worker] DEBUG org.springframework.test.context.junit4.SpringJUnit4ClassRunner - SpringJUnit4ClassRunner constructor called with [class me.clevekim.study.springboot.bootstrap.LiveTest]
18:03:14.038 [Test worker] DEBUG org.springframework.test.context.BootstrapUtils - Instantiating CacheAwareContextLoaderDelegate from class [org.springframework.test.context.cache.DefaultCacheAwareContextLoaderDelegate]
18:03:14.044 [Test worker] DEBUG org.springframework.test.context.BootstrapUtils - Instantiating BootstrapContext using constructor [public org.springframework.test.context.support.DefaultBootstrapContext(java.lang.Class,org.springframework.test.context.CacheAwareContextLoaderDelegate)]
18:03:14.059 [Test worker] DEBUG org.springframework.test.context.BootstrapUtils - Instantiating TestContextBootstrapper for test class [me.clevekim.study.springboot.bootstrap.LiveTest] from class [org.springframework.boot.test.context.SpringBootTestContextBootstrapper]
18:03:14.068 [Test worker] INFO org.springframework.boot.test.context.SpringBootTestContextBootstrapper - Neither @ContextConfiguration nor @ContextHierarchy found for test class [me.clevekim.study.springboot.bootstrap.LiveTest], using SpringBootContextLoader
18:03:14.071 [Test worker] DEBUG org.springframework.test.context.support.AbstractContextLoader - Did not detect default resource location for test class [me.clevekim.study.springboot.bootstrap.LiveTest]: class path resource [me/clevekim/study/springboot/bootstrap/LiveTest-context.xml] does not exist
18:03:14.071 [Test worker] DEBUG org.springframework.test.context.support.AbstractContextLoader - Did not detect default resource location for test class [me.clevekim.study.springboot.bootstrap.LiveTest]: class path resource [me/clevekim/study/springboot/bootstrap/LiveTestContext.groovy] does not exist
18:03:14.071 [Test worker] INFO org.springframework.test.context.support.AbstractContextLoader - Could not detect default resource locations for test class [me.clevekim.study.springboot.bootstrap.LiveTest]: no resource found for suffixes {-context.xml, Context.groovy}.
18:03:14.102 [Test worker] DEBUG org.springframework.test.context.support.ActiveProfilesUtils - Could not find an 'annotation declaring class' for annotation type [org.springframework.test.context.ActiveProfiles] and class [me.clevekim.study.springboot.bootstrap.LiveTest]
18:03:14.193 [Test worker] DEBUG org.springframework.boot.test.context.SpringBootTestContextBootstrapper - @TestExecutionListeners is not present for class [me.clevekim.study.springboot.bootstrap.LiveTest]: using defaults.
18:03:14.194 [Test worker] INFO org.springframework.boot.test.context.SpringBootTestContextBootstrapper - Loaded default TestExecutionListener class names from location [META-INF/spring.factories]: [org.springframework.boot.test.autoconfigure.restdocs.RestDocsTestExecutionListener, org.springframework.boot.test.autoconfigure.web.client.MockRestServiceServerResetTestExecutionListener, org.springframework.boot.test.autoconfigure.web.servlet.MockMvcPrintOnlyOnFailureTestExecutionListener, org.springframework.boot.test.autoconfigure.web.servlet.WebDriverTestExecutionListener, org.springframework.boot.test.mock.mockito.MockitoTestExecutionListener, org.springframework.boot.test.mock.mockito.ResetMocksTestExecutionListener, org.springframework.test.context.web.ServletTestExecutionListener, org.springframework.test.context.support.DirtiesContextBeforeModesTestExecutionListener, org.springframework.test.context.support.DependencyInjectionTestExecutionListener, org.springframework.test.context.support.DirtiesContextTestExecutionListener, org.springframework.test.context.transaction.TransactionalTestExecutionListener, org.springframework.test.context.jdbc.SqlScriptsTestExecutionListener]
18:03:14.205 [Test worker] INFO org.springframework.boot.test.context.SpringBootTestContextBootstrapper - Using TestExecutionListeners: [org.springframework.test.context.web.ServletTestExecutionListener@dc5a36, org.springframework.test.context.support.DirtiesContextBeforeModesTestExecutionListener@73a59fc7, org.springframework.boot.test.mock.mockito.MockitoTestExecutionListener@3f67740, org.springframework.boot.test.autoconfigure.SpringBootDependencyInjectionTestExecutionListener@3ee69bcf, org.springframework.test.context.support.DirtiesContextTestExecutionListener@5c096bcf, org.springframework.test.context.transaction.TransactionalTestExecutionListener@30d9c2e, org.springframework.test.context.jdbc.SqlScriptsTestExecutionListener@3371a778, org.springframework.boot.test.autoconfigure.restdocs.RestDocsTestExecutionListener@39c37a3a, org.springframework.boot.test.autoconfigure.web.client.MockRestServiceServerResetTestExecutionListener@2e8329de, org.springframework.boot.test.autoconfigure.web.servlet.MockMvcPrintOnlyOnFailureTestExecutionListener@41003ccc, org.springframework.boot.test.autoconfigure.web.servlet.WebDriverTestExecutionListener@7ff409f3, org.springframework.boot.test.mock.mockito.ResetMocksTestExecutionListener@5d44be9d]
18:03:14.207 [Test worker] DEBUG org.springframework.test.annotation.ProfileValueUtils - Retrieved @ProfileValueSourceConfiguration [null] for test class [me.clevekim.study.springboot.bootstrap.LiveTest]
18:03:14.208 [Test worker] DEBUG org.springframework.test.annotation.ProfileValueUtils - Retrieved ProfileValueSource type [class org.springframework.test.annotation.SystemProfileValueSource] for class [me.clevekim.study.springboot.bootstrap.LiveTest]
18:03:14.209 [Test worker] DEBUG org.springframework.test.annotation.ProfileValueUtils - Retrieved @ProfileValueSourceConfiguration [null] for test class [me.clevekim.study.springboot.bootstrap.LiveTest]
18:03:14.209 [Test worker] DEBUG org.springframework.test.annotation.ProfileValueUtils - Retrieved ProfileValueSource type [class org.springframework.test.annotation.SystemProfileValueSource] for class [me.clevekim.study.springboot.bootstrap.LiveTest]
18:03:14.213 [Test worker] DEBUG org.springframework.test.context.support.AbstractDirtiesContextTestExecutionListener - Before test class: context [DefaultTestContext@4243080 testClass = LiveTest, testInstance = [null], testMethod = [null], testException = [null], mergedContextConfiguration = [WebMergedContextConfiguration@31d33f9a testClass = LiveTest, locations = '{}', classes = '{class me.clevekim.study.springboot.bootstrap.BootstrapApplication, class me.clevekim.study.springboot.bootstrap.BootstrapApplication}', contextInitializerClasses = '[]', activeProfiles = '{}', propertySourceLocations = '{}', propertySourceProperties = '{org.springframework.boot.test.context.SpringBootTestContextBootstrapper=true}', contextCustomizers = set[org.springframework.boot.test.autoconfigure.properties.PropertyMappingContextCustomizer@0, org.springframework.boot.test.autoconfigure.web.servlet.WebDriverContextCustomizerFactory$Customizer@7210cdb9, org.springframework.boot.test.context.filter.ExcludeFilterContextCustomizer@1dffb8b3, org.springframework.boot.test.json.DuplicateJsonObjectContextCustomizerFactory$DuplicateJsonObjectContextCustomizer@efe2020, org.springframework.boot.test.mock.mockito.MockitoContextCustomizer@0, org.springframework.boot.test.web.client.TestRestTemplateContextCustomizer@38074bc4], resourceBasePath = 'src/main/webapp', contextLoader = 'org.springframework.boot.test.context.SpringBootContextLoader', parent = [null]], attributes = map['org.springframework.test.context.web.ServletTestExecutionListener.activateListener' -> false]], class annotated with @DirtiesContext [false] with mode [null].
18:03:14.213 [Test worker] DEBUG org.springframework.test.annotation.ProfileValueUtils - Retrieved @ProfileValueSourceConfiguration [null] for test class [me.clevekim.study.springboot.bootstrap.LiveTest]
18:03:14.213 [Test worker] DEBUG org.springframework.test.annotation.ProfileValueUtils - Retrieved ProfileValueSource type [class org.springframework.test.annotation.SystemProfileValueSource] for class [me.clevekim.study.springboot.bootstrap.LiveTest]
18:03:14.216 [Test worker] DEBUG org.springframework.test.context.support.DependencyInjectionTestExecutionListener - Performing dependency injection for test context [[DefaultTestContext@4243080 testClass = LiveTest, testInstance = me.clevekim.study.springboot.bootstrap.LiveTest@694136a, testMethod = [null], testException = [null], mergedContextConfiguration = [WebMergedContextConfiguration@31d33f9a testClass = LiveTest, locations = '{}', classes = '{class me.clevekim.study.springboot.bootstrap.BootstrapApplication, class me.clevekim.study.springboot.bootstrap.BootstrapApplication}', contextInitializerClasses = '[]', activeProfiles = '{}', propertySourceLocations = '{}', propertySourceProperties = '{org.springframework.boot.test.context.SpringBootTestContextBootstrapper=true}', contextCustomizers = set[org.springframework.boot.test.autoconfigure.properties.PropertyMappingContextCustomizer@0, org.springframework.boot.test.autoconfigure.web.servlet.WebDriverContextCustomizerFactory$Customizer@7210cdb9, org.springframework.boot.test.context.filter.ExcludeFilterContextCustomizer@1dffb8b3, org.springframework.boot.test.json.DuplicateJsonObjectContextCustomizerFactory$DuplicateJsonObjectContextCustomizer@efe2020, org.springframework.boot.test.mock.mockito.MockitoContextCustomizer@0, org.springframework.boot.test.web.client.TestRestTemplateContextCustomizer@38074bc4], resourceBasePath = 'src/main/webapp', contextLoader = 'org.springframework.boot.test.context.SpringBootContextLoader', parent = [null]], attributes = map['org.springframework.test.context.web.ServletTestExecutionListener.activateListener' -> false]]].
18:03:14.234 [Test worker] DEBUG org.springframework.test.context.support.TestPropertySourceUtils - Adding inlined properties to environment: {spring.jmx.enabled=false, org.springframework.boot.test.context.SpringBootTestContextBootstrapper=true}

  .   ____          _            __ _ _
 /\\ / ___'_ __ _ _(_)_ __  __ _ \ \ \ \
( ( )\___ | '_ | '_| | '_ \/ _` | \ \ \ \
 \\/  ___)| |_)| | | | | || (_| |  ) ) ) )
  '  |____| .__|_| |_|_| |_\__, | / / / /
 =========|_|==============|___/=/_/_/_/
 :: Spring Boot ::        (v2.1.4.RELEASE)

2019-04-08 18:03:14.430  INFO 99250 --- [    Test worker] m.c.study.springboot.bootstrap.LiveTest  : Starting LiveTest on younghwankim-iMac.local with PID 99250 (started by user in /Users/user/Downloads/bootstrap)
2019-04-08 18:03:14.431  INFO 99250 --- [    Test worker] m.c.study.springboot.bootstrap.LiveTest  : No active profile set, falling back to default profiles: default
2019-04-08 18:03:15.071  INFO 99250 --- [    Test worker] .s.d.r.c.RepositoryConfigurationDelegate : Bootstrapping Spring Data repositories in DEFAULT mode.
2019-04-08 18:03:15.126  INFO 99250 --- [    Test worker] .s.d.r.c.RepositoryConfigurationDelegate : Finished Spring Data repository scanning in 46ms. Found 1 repository interfaces.
2019-04-08 18:03:15.606  INFO 99250 --- [    Test worker] trationDelegate$BeanPostProcessorChecker : Bean 'org.springframework.transaction.annotation.ProxyTransactionManagementConfiguration' of type [org.springframework.transaction.annotation.ProxyTransactionManagementConfiguration$$EnhancerBySpringCGLIB$$9f560204] is not eligible for getting processed by all BeanPostProcessors (for example: not eligible for auto-proxying)
2019-04-08 18:03:15.994  INFO 99250 --- [    Test worker] o.s.b.w.embedded.tomcat.TomcatWebServer  : Tomcat initialized with port(s): 8081 (http)
2019-04-08 18:03:16.026  INFO 99250 --- [    Test worker] o.apache.catalina.core.StandardService   : Starting service [Tomcat]
2019-04-08 18:03:16.026  INFO 99250 --- [    Test worker] org.apache.catalina.core.StandardEngine  : Starting Servlet engine: [Apache Tomcat/9.0.17]
2019-04-08 18:03:16.190  INFO 99250 --- [    Test worker] o.a.c.c.C.[Tomcat].[localhost].[/]       : Initializing Spring embedded WebApplicationContext
2019-04-08 18:03:16.190  INFO 99250 --- [    Test worker] o.s.web.context.ContextLoader            : Root WebApplicationContext: initialization completed in 1533 ms
2019-04-08 18:03:16.442  INFO 99250 --- [    Test worker] com.zaxxer.hikari.HikariDataSource       : HikariPool-1 - Starting...
2019-04-08 18:03:16.595  INFO 99250 --- [    Test worker] com.zaxxer.hikari.HikariDataSource       : HikariPool-1 - Start completed.
2019-04-08 18:03:16.666  INFO 99250 --- [    Test worker] o.hibernate.jpa.internal.util.LogHelper  : HHH000204: Processing PersistenceUnitInfo [
	name: default
	...]
2019-04-08 18:03:16.726  INFO 99250 --- [    Test worker] org.hibernate.Version                    : HHH000412: Hibernate Core {5.3.9.Final}
2019-04-08 18:03:16.727  INFO 99250 --- [    Test worker] org.hibernate.cfg.Environment            : HHH000206: hibernate.properties not found
2019-04-08 18:03:16.859  INFO 99250 --- [    Test worker] o.hibernate.annotations.common.Version   : HCANN000001: Hibernate Commons Annotations {5.0.4.Final}
2019-04-08 18:03:16.984  INFO 99250 --- [    Test worker] org.hibernate.dialect.Dialect            : HHH000400: Using dialect: org.hibernate.dialect.H2Dialect
2019-04-08 18:03:17.548  INFO 99250 --- [    Test worker] o.h.t.schema.internal.SchemaCreatorImpl  : HHH000476: Executing import script 'org.hibernate.tool.schema.internal.exec.ScriptSourceInputNonExistentImpl@553fa6e7'
2019-04-08 18:03:17.551  INFO 99250 --- [    Test worker] j.LocalContainerEntityManagerFactoryBean : Initialized JPA EntityManagerFactory for persistence unit 'default'
2019-04-08 18:03:18.209  INFO 99250 --- [    Test worker] .s.s.UserDetailsServiceAutoConfiguration : 

Using generated security password: 67ddc36e-fe7f-4ced-91b8-c449f23c0934

2019-04-08 18:03:18.340  INFO 99250 --- [    Test worker] o.s.s.web.DefaultSecurityFilterChain     : Creating filter chain: any request, [org.springframework.security.web.context.request.async.WebAsyncManagerIntegrationFilter@10e84112, org.springframework.security.web.context.SecurityContextPersistenceFilter@4c78f247, org.springframework.security.web.header.HeaderWriterFilter@47fa2ec9, org.springframework.security.web.authentication.logout.LogoutFilter@313425a7, org.springframework.security.web.savedrequest.RequestCacheAwareFilter@3ad3a840, org.springframework.security.web.servletapi.SecurityContextHolderAwareRequestFilter@2c021197, org.springframework.security.web.authentication.AnonymousAuthenticationFilter@5155b355, org.springframework.security.web.session.SessionManagementFilter@739abcc6, org.springframework.security.web.access.ExceptionTranslationFilter@356651c2, org.springframework.security.web.access.intercept.FilterSecurityInterceptor@3666f947]
2019-04-08 18:03:18.636  INFO 99250 --- [    Test worker] o.s.s.concurrent.ThreadPoolTaskExecutor  : Initializing ExecutorService 'applicationTaskExecutor'
2019-04-08 18:03:18.688  WARN 99250 --- [    Test worker] aWebConfiguration$JpaWebMvcConfiguration : spring.jpa.open-in-view is enabled by default. Therefore, database queries may be performed during view rendering. Explicitly configure spring.jpa.open-in-view to disable this warning
2019-04-08 18:03:19.273  INFO 99250 --- [    Test worker] o.s.b.w.embedded.tomcat.TomcatWebServer  : Tomcat started on port(s): 8081 (http) with context path ''
2019-04-08 18:03:19.276  INFO 99250 --- [    Test worker] m.c.study.springboot.bootstrap.LiveTest  : Started LiveTest in 5.04 seconds (JVM running for 5.672)
2019-04-08 18:03:20.023  INFO 99250 --- [nio-8081-exec-1] o.a.c.c.C.[Tomcat].[localhost].[/]       : Initializing Spring DispatcherServlet 'dispatcherServlet'
2019-04-08 18:03:20.024  INFO 99250 --- [nio-8081-exec-1] o.s.web.servlet.DispatcherServlet        : Initializing Servlet 'dispatcherServlet'
2019-04-08 18:03:20.043  INFO 99250 --- [nio-8081-exec-1] o.s.web.servlet.DispatcherServlet        : Completed initialization in 19 ms
2019-04-08 18:03:20.358  WARN 99250 --- [nio-8081-exec-2] o.h.engine.jdbc.spi.SqlExceptionHelper   : SQL Error: 23502, SQLState: 23502
2019-04-08 18:03:20.358 ERROR 99250 --- [nio-8081-exec-2] o.h.engine.jdbc.spi.SqlExceptionHelper   : NULL not allowed for column "AUTHOR"; SQL statement:
insert into book (author, title, id) values (?, ?, ?) [23502-199]
2019-04-08 18:03:20.359 ERROR 99250 --- [nio-8081-exec-2] o.h.i.ExceptionMapperStandardImpl        : HHH000346: Error during managed flush [org.hibernate.exception.ConstraintViolationException: could not execute statement]
2019-04-08 18:03:20.881  INFO 99250 --- [nio-8081-exec-2] o.h.h.i.QueryTranslatorFactoryInitiator  : HHH000397: Using ASTQueryTranslatorFactory
]]></system-out>
  <system-err><![CDATA[]]></system-err>
</testsuite>
