<?xml version="1.0" encoding="UTF-8"?>
<testsuite name="me.clevekim.study.springboot.bootstrap.BootstrapApplicationTests" tests="1" skipped="0" failures="0" errors="0" timestamp="2019-04-08T09:38:58" hostname="younghwankim-iMac.local" time="0.002">
  <properties/>
  <testcase name="contextLoads" classname="me.clevekim.study.springboot.bootstrap.BootstrapApplicationTests" time="0.002"/>
  <system-out><![CDATA[2019-04-08 18:38:57.250  INFO 38689 --- [    Test worker] .b.t.c.SpringBootTestContextBootstrapper : Neither @ContextConfiguration nor @ContextHierarchy found for test class [me.clevekim.study.springboot.bootstrap.BootstrapApplicationTests], using SpringBootContextLoader
2019-04-08 18:38:57.250  INFO 38689 --- [    Test worker] o.s.t.c.support.AbstractContextLoader    : Could not detect default resource locations for test class [me.clevekim.study.springboot.bootstrap.BootstrapApplicationTests]: no resource found for suffixes {-context.xml, Context.groovy}.
2019-04-08 18:38:57.251  INFO 38689 --- [    Test worker] t.c.s.AnnotationConfigContextLoaderUtils : Could not detect default configuration classes for test class [me.clevekim.study.springboot.bootstrap.BootstrapApplicationTests]: BootstrapApplicationTests does not declare any static, non-private, non-final, nested classes annotated with @Configuration.
2019-04-08 18:38:57.256  INFO 38689 --- [    Test worker] .b.t.c.SpringBootTestContextBootstrapper : Found @SpringBootConfiguration me.clevekim.study.springboot.bootstrap.BootstrapApplication for test class me.clevekim.study.springboot.bootstrap.BootstrapApplicationTests
2019-04-08 18:38:57.257  INFO 38689 --- [    Test worker] .b.t.c.SpringBootTestContextBootstrapper : Loaded default TestExecutionListener class names from location [META-INF/spring.factories]: [org.springframework.boot.test.autoconfigure.restdocs.RestDocsTestExecutionListener, org.springframework.boot.test.autoconfigure.web.client.MockRestServiceServerResetTestExecutionListener, org.springframework.boot.test.autoconfigure.web.servlet.MockMvcPrintOnlyOnFailureTestExecutionListener, org.springframework.boot.test.autoconfigure.web.servlet.WebDriverTestExecutionListener, org.springframework.boot.test.mock.mockito.MockitoTestExecutionListener, org.springframework.boot.test.mock.mockito.ResetMocksTestExecutionListener, org.springframework.test.context.web.ServletTestExecutionListener, org.springframework.test.context.support.DirtiesContextBeforeModesTestExecutionListener, org.springframework.test.context.support.DependencyInjectionTestExecutionListener, org.springframework.test.context.support.DirtiesContextTestExecutionListener, org.springframework.test.context.transaction.TransactionalTestExecutionListener, org.springframework.test.context.jdbc.SqlScriptsTestExecutionListener]
2019-04-08 18:38:57.257  INFO 38689 --- [    Test worker] .b.t.c.SpringBootTestContextBootstrapper : Using TestExecutionListeners: [org.springframework.test.context.web.ServletTestExecutionListener@1ea27a84, org.springframework.test.context.support.DirtiesContextBeforeModesTestExecutionListener@3d13965e, org.springframework.boot.test.mock.mockito.MockitoTestExecutionListener@6cbf5b7d, org.springframework.boot.test.autoconfigure.SpringBootDependencyInjectionTestExecutionListener@3f8eb022, org.springframework.test.context.support.DirtiesContextTestExecutionListener@32759b0d, org.springframework.test.context.transaction.TransactionalTestExecutionListener@13f54a7b, org.springframework.test.context.jdbc.SqlScriptsTestExecutionListener@5878fcb, org.springframework.boot.test.autoconfigure.restdocs.RestDocsTestExecutionListener@4fc230f9, org.springframework.boot.test.autoconfigure.web.client.MockRestServiceServerResetTestExecutionListener@517177ff, org.springframework.boot.test.autoconfigure.web.servlet.MockMvcPrintOnlyOnFailureTestExecutionListener@68ee5938, org.springframework.boot.test.autoconfigure.web.servlet.WebDriverTestExecutionListener@51ae6a39, org.springframework.boot.test.mock.mockito.ResetMocksTestExecutionListener@f35dd0d]

  .   ____          _            __ _ _
 /\\ / ___'_ __ _ _(_)_ __  __ _ \ \ \ \
( ( )\___ | '_ | '_| | '_ \/ _` | \ \ \ \
 \\/  ___)| |_)| | | | | || (_| |  ) ) ) )
  '  |____| .__|_| |_|_| |_\__, | / / / /
 =========|_|==============|___/=/_/_/_/
 :: Spring Boot ::        (v2.1.4.RELEASE)

2019-04-08 18:38:57.277  INFO 38689 --- [    Test worker] m.c.s.s.b.BootstrapApplicationTests      : Starting BootstrapApplicationTests on younghwankim-iMac.local with PID 38689 (started by user in /Users/user/Project/Study/springboot-study/bootstrap)
2019-04-08 18:38:57.278  INFO 38689 --- [    Test worker] m.c.s.s.b.BootstrapApplicationTests      : No active profile set, falling back to default profiles: default
2019-04-08 18:38:57.401  INFO 38689 --- [    Test worker] .s.d.r.c.RepositoryConfigurationDelegate : Bootstrapping Spring Data repositories in DEFAULT mode.
2019-04-08 18:38:57.406  INFO 38689 --- [    Test worker] .s.d.r.c.RepositoryConfigurationDelegate : Finished Spring Data repository scanning in 5ms. Found 1 repository interfaces.
2019-04-08 18:38:57.498  INFO 38689 --- [    Test worker] trationDelegate$BeanPostProcessorChecker : Bean 'org.springframework.transaction.annotation.ProxyTransactionManagementConfiguration' of type [org.springframework.transaction.annotation.ProxyTransactionManagementConfiguration$$EnhancerBySpringCGLIB$$30ea1651] is not eligible for getting processed by all BeanPostProcessors (for example: not eligible for auto-proxying)
2019-04-08 18:38:57.561  INFO 38689 --- [    Test worker] com.zaxxer.hikari.HikariDataSource       : HikariPool-2 - Starting...
2019-04-08 18:38:57.561  INFO 38689 --- [    Test worker] com.zaxxer.hikari.HikariDataSource       : HikariPool-2 - Start completed.
2019-04-08 18:38:57.576  INFO 38689 --- [    Test worker] o.hibernate.jpa.internal.util.LogHelper  : HHH000204: Processing PersistenceUnitInfo [
	name: default
	...]
2019-04-08 18:38:57.581  INFO 38689 --- [    Test worker] org.hibernate.dialect.Dialect            : HHH000400: Using dialect: org.hibernate.dialect.H2Dialect
2019-04-08 18:38:57.603  INFO 38689 --- [    Test worker] o.h.t.schema.internal.SchemaCreatorImpl  : HHH000476: Executing import script 'org.hibernate.tool.schema.internal.exec.ScriptSourceInputNonExistentImpl@6c3a1f5a'
2019-04-08 18:38:57.604  INFO 38689 --- [    Test worker] j.LocalContainerEntityManagerFactoryBean : Initialized JPA EntityManagerFactory for persistence unit 'default'
2019-04-08 18:38:57.760  INFO 38689 --- [    Test worker] .s.s.UserDetailsServiceAutoConfiguration : 

Using generated security password: 4fab4a6b-3fa3-43e4-9538-11e9bd8bf504

2019-04-08 18:38:57.814  INFO 38689 --- [    Test worker] o.s.s.web.DefaultSecurityFilterChain     : Creating filter chain: any request, [org.springframework.security.web.context.request.async.WebAsyncManagerIntegrationFilter@2388bc75, org.springframework.security.web.context.SecurityContextPersistenceFilter@2a23d9c5, org.springframework.security.web.header.HeaderWriterFilter@51e93a18, org.springframework.security.web.authentication.logout.LogoutFilter@7ddda35d, org.springframework.security.web.savedrequest.RequestCacheAwareFilter@1dc0b8e7, org.springframework.security.web.servletapi.SecurityContextHolderAwareRequestFilter@5e178bd, org.springframework.security.web.authentication.AnonymousAuthenticationFilter@2befd107, org.springframework.security.web.session.SessionManagementFilter@2c7a87c3, org.springframework.security.web.access.ExceptionTranslationFilter@27d200d6, org.springframework.security.web.access.intercept.FilterSecurityInterceptor@4f66076b]
2019-04-08 18:38:58.042  INFO 38689 --- [    Test worker] o.s.s.concurrent.ThreadPoolTaskExecutor  : Initializing ExecutorService 'applicationTaskExecutor'
2019-04-08 18:38:58.064  WARN 38689 --- [    Test worker] aWebConfiguration$JpaWebMvcConfiguration : spring.jpa.open-in-view is enabled by default. Therefore, database queries may be performed during view rendering. Explicitly configure spring.jpa.open-in-view to disable this warning
2019-04-08 18:38:58.305  INFO 38689 --- [    Test worker] m.c.s.s.b.BootstrapApplicationTests      : Started BootstrapApplicationTests in 1.043 seconds (JVM running for 8.42)
]]></system-out>
  <system-err><![CDATA[]]></system-err>
</testsuite>
