<?xml version="1.0" encoding="UTF-8"?>
<testsuite name="me.clevekim.study.springboot.bootstrap.BootstrapApplicationTests" tests="1" skipped="0" failures="0" errors="0" timestamp="2019-04-08T09:03:22" hostname="younghwankim-iMac.local" time="0.002">
  <properties/>
  <testcase name="contextLoads" classname="me.clevekim.study.springboot.bootstrap.BootstrapApplicationTests" time="0.002"/>
  <system-out><![CDATA[2019-04-08 18:03:21.048  INFO 99250 --- [    Test worker] .b.t.c.SpringBootTestContextBootstrapper : Neither @ContextConfiguration nor @ContextHierarchy found for test class [me.clevekim.study.springboot.bootstrap.BootstrapApplicationTests], using SpringBootContextLoader
2019-04-08 18:03:21.049  INFO 99250 --- [    Test worker] o.s.t.c.support.AbstractContextLoader    : Could not detect default resource locations for test class [me.clevekim.study.springboot.bootstrap.BootstrapApplicationTests]: no resource found for suffixes {-context.xml, Context.groovy}.
2019-04-08 18:03:21.049  INFO 99250 --- [    Test worker] t.c.s.AnnotationConfigContextLoaderUtils : Could not detect default configuration classes for test class [me.clevekim.study.springboot.bootstrap.BootstrapApplicationTests]: BootstrapApplicationTests does not declare any static, non-private, non-final, nested classes annotated with @Configuration.
2019-04-08 18:03:21.055  INFO 99250 --- [    Test worker] .b.t.c.SpringBootTestContextBootstrapper : Found @SpringBootConfiguration me.clevekim.study.springboot.bootstrap.BootstrapApplication for test class me.clevekim.study.springboot.bootstrap.BootstrapApplicationTests
2019-04-08 18:03:21.056  INFO 99250 --- [    Test worker] .b.t.c.SpringBootTestContextBootstrapper : Loaded default TestExecutionListener class names from location [META-INF/spring.factories]: [org.springframework.boot.test.autoconfigure.restdocs.RestDocsTestExecutionListener, org.springframework.boot.test.autoconfigure.web.client.MockRestServiceServerResetTestExecutionListener, org.springframework.boot.test.autoconfigure.web.servlet.MockMvcPrintOnlyOnFailureTestExecutionListener, org.springframework.boot.test.autoconfigure.web.servlet.WebDriverTestExecutionListener, org.springframework.boot.test.mock.mockito.MockitoTestExecutionListener, org.springframework.boot.test.mock.mockito.ResetMocksTestExecutionListener, org.springframework.test.context.web.ServletTestExecutionListener, org.springframework.test.context.support.DirtiesContextBeforeModesTestExecutionListener, org.springframework.test.context.support.DependencyInjectionTestExecutionListener, org.springframework.test.context.support.DirtiesContextTestExecutionListener, org.springframework.test.context.transaction.TransactionalTestExecutionListener, org.springframework.test.context.jdbc.SqlScriptsTestExecutionListener]
2019-04-08 18:03:21.057  INFO 99250 --- [    Test worker] .b.t.c.SpringBootTestContextBootstrapper : Using TestExecutionListeners: [org.springframework.test.context.web.ServletTestExecutionListener@304df053, org.springframework.test.context.support.DirtiesContextBeforeModesTestExecutionListener@3612a6ef, org.springframework.boot.test.mock.mockito.MockitoTestExecutionListener@64ad8e5d, org.springframework.boot.test.autoconfigure.SpringBootDependencyInjectionTestExecutionListener@4fe6d5fc, org.springframework.test.context.support.DirtiesContextTestExecutionListener@10f67b3b, org.springframework.test.context.transaction.TransactionalTestExecutionListener@33f09214, org.springframework.test.context.jdbc.SqlScriptsTestExecutionListener@3ba73d51, org.springframework.boot.test.autoconfigure.restdocs.RestDocsTestExecutionListener@429746ec, org.springframework.boot.test.autoconfigure.web.client.MockRestServiceServerResetTestExecutionListener@619bc226, org.springframework.boot.test.autoconfigure.web.servlet.MockMvcPrintOnlyOnFailureTestExecutionListener@56cc9c33, org.springframework.boot.test.autoconfigure.web.servlet.WebDriverTestExecutionListener@54836e0e, org.springframework.boot.test.mock.mockito.ResetMocksTestExecutionListener@2cdbe254]

  .   ____          _            __ _ _
 /\\ / ___'_ __ _ _(_)_ __  __ _ \ \ \ \
( ( )\___ | '_ | '_| | '_ \/ _` | \ \ \ \
 \\/  ___)| |_)| | | | | || (_| |  ) ) ) )
  '  |____| .__|_| |_|_| |_\__, | / / / /
 =========|_|==============|___/=/_/_/_/
 :: Spring Boot ::        (v2.1.4.RELEASE)

2019-04-08 18:03:21.074  INFO 99250 --- [    Test worker] m.c.s.s.b.BootstrapApplicationTests      : Starting BootstrapApplicationTests on younghwankim-iMac.local with PID 99250 (started by user in /Users/user/Downloads/bootstrap)
2019-04-08 18:03:21.075  INFO 99250 --- [    Test worker] m.c.s.s.b.BootstrapApplicationTests      : No active profile set, falling back to default profiles: default
2019-04-08 18:03:21.177  INFO 99250 --- [    Test worker] .s.d.r.c.RepositoryConfigurationDelegate : Bootstrapping Spring Data repositories in DEFAULT mode.
2019-04-08 18:03:21.181  INFO 99250 --- [    Test worker] .s.d.r.c.RepositoryConfigurationDelegate : Finished Spring Data repository scanning in 4ms. Found 1 repository interfaces.
2019-04-08 18:03:21.253  INFO 99250 --- [    Test worker] trationDelegate$BeanPostProcessorChecker : Bean 'org.springframework.transaction.annotation.ProxyTransactionManagementConfiguration' of type [org.springframework.transaction.annotation.ProxyTransactionManagementConfiguration$$EnhancerBySpringCGLIB$$9f560204] is not eligible for getting processed by all BeanPostProcessors (for example: not eligible for auto-proxying)
2019-04-08 18:03:21.315  INFO 99250 --- [    Test worker] com.zaxxer.hikari.HikariDataSource       : HikariPool-2 - Starting...
2019-04-08 18:03:21.316  INFO 99250 --- [    Test worker] com.zaxxer.hikari.HikariDataSource       : HikariPool-2 - Start completed.
2019-04-08 18:03:21.328  INFO 99250 --- [    Test worker] o.hibernate.jpa.internal.util.LogHelper  : HHH000204: Processing PersistenceUnitInfo [
	name: default
	...]
2019-04-08 18:03:21.332  INFO 99250 --- [    Test worker] org.hibernate.dialect.Dialect            : HHH000400: Using dialect: org.hibernate.dialect.H2Dialect
2019-04-08 18:03:21.356  INFO 99250 --- [    Test worker] o.h.t.schema.internal.SchemaCreatorImpl  : HHH000476: Executing import script 'org.hibernate.tool.schema.internal.exec.ScriptSourceInputNonExistentImpl@553fa6e7'
2019-04-08 18:03:21.356  INFO 99250 --- [    Test worker] j.LocalContainerEntityManagerFactoryBean : Initialized JPA EntityManagerFactory for persistence unit 'default'
2019-04-08 18:03:21.497  INFO 99250 --- [    Test worker] .s.s.UserDetailsServiceAutoConfiguration : 

Using generated security password: 38267c83-17ab-429b-bb34-4f2389d43255

2019-04-08 18:03:21.545  INFO 99250 --- [    Test worker] o.s.s.web.DefaultSecurityFilterChain     : Creating filter chain: any request, [org.springframework.security.web.context.request.async.WebAsyncManagerIntegrationFilter@23427b13, org.springframework.security.web.context.SecurityContextPersistenceFilter@1f1e3965, org.springframework.security.web.header.HeaderWriterFilter@772ac3e7, org.springframework.security.web.authentication.logout.LogoutFilter@7a9bdc3a, org.springframework.security.web.savedrequest.RequestCacheAwareFilter@536813dc, org.springframework.security.web.servletapi.SecurityContextHolderAwareRequestFilter@72fcc7ad, org.springframework.security.web.authentication.AnonymousAuthenticationFilter@c2d8fed, org.springframework.security.web.session.SessionManagementFilter@7bbe6a32, org.springframework.security.web.access.ExceptionTranslationFilter@6a64dbc9, org.springframework.security.web.access.intercept.FilterSecurityInterceptor@37ce0a18]
2019-04-08 18:03:21.741  INFO 99250 --- [    Test worker] o.s.s.concurrent.ThreadPoolTaskExecutor  : Initializing ExecutorService 'applicationTaskExecutor'
2019-04-08 18:03:21.753  WARN 99250 --- [    Test worker] aWebConfiguration$JpaWebMvcConfiguration : spring.jpa.open-in-view is enabled by default. Therefore, database queries may be performed during view rendering. Explicitly configure spring.jpa.open-in-view to disable this warning
2019-04-08 18:03:22.003  INFO 99250 --- [    Test worker] m.c.s.s.b.BootstrapApplicationTests      : Started BootstrapApplicationTests in 0.941 seconds (JVM running for 8.399)
]]></system-out>
  <system-err><![CDATA[]]></system-err>
</testsuite>
